{"level":"http","message":"PUT /api/users/f14356df-dda9-4790-a229-3af97f707453/password 401 61 - 65.583 ms","timestamp":"2024-08-24T17:15:28.561Z"}
{"level":"http","message":"POST /api/auth/login 500 847 - 52.654 ms","timestamp":"2024-08-24T17:15:38.314Z"}
{"level":"http","message":"PUT /api/users/f14356df-dda9-4790-a229-3af97f707453/password 401 61 - 1.033 ms","timestamp":"2024-08-24T17:15:40.164Z"}
{"level":"http","message":"POST /api/auth/login 200 426 - 166.665 ms","timestamp":"2024-08-24T17:27:16.843Z"}
{"level":"http","message":"POST /api/auth/signup 400 58 - 20.250 ms","timestamp":"2024-08-24T17:28:11.644Z"}
{"level":"http","message":"POST /api/auth/signup 400 73 - 1.630 ms","timestamp":"2024-08-24T17:28:17.238Z"}
{"level":"http","message":"POST /api/auth/signup 201 42 - 103.484 ms","timestamp":"2024-08-24T17:28:47.327Z"}
{"level":"http","message":"POST /api/auth/signup 201 42 - 70.676 ms","timestamp":"2024-08-24T17:29:01.251Z"}
{"level":"http","message":"POST /api/auth/login 200 424 - 93.718 ms","timestamp":"2024-08-24T17:29:07.448Z"}
{"level":"http","message":"PUT /api/users/f14356df-dda9-4790-a229-3af97f707453/password 400 202 - 4.865 ms","timestamp":"2024-08-24T17:29:13.387Z"}
{"level":"http","message":"PUT /api/users/f14356df-dda9-4790-a229-3af97f707453/password 400 274 - 32.848 ms","timestamp":"2024-08-24T17:35:52.387Z"}
{"level":"http","message":"PUT /api/users/f14356df-dda9-4790-a229-3af97f707453/password 400 59 - 10.507 ms","timestamp":"2024-08-24T17:37:51.700Z"}
{"level":"http","message":"PUT /api/users/f14356df-dda9-4790-a229-3af97f707453/password 400 79 - 9.354 ms","timestamp":"2024-08-24T17:38:26.615Z"}
{"level":"http","message":"PUT /api/users/f14356df-dda9-4790-a229-3af97f707453/password 400 60 - 73.912 ms","timestamp":"2024-08-24T17:38:29.553Z"}
{"level":"http","message":"PUT /api/users/f14356df-dda9-4790-a229-3af97f707453/password 200 43 - 144.713 ms","timestamp":"2024-08-24T17:38:33.617Z"}
{"level":"http","message":"GET /api/auth/logout 200 37 - 4.178 ms","timestamp":"2024-08-24T17:38:38.578Z"}
{"level":"http","message":"POST /api/auth/login 200 424 - 67.124 ms","timestamp":"2024-08-24T17:38:41.015Z"}
{"level":"http","message":"PUT /api/users/f14356df-dda9-4790-a229-3af97f707453/password 200 43 - 176.742 ms","timestamp":"2024-08-24T17:48:54.329Z"}
{"level":"http","message":"PUT /api/users/f14356df-dda9-4790-a229-3af97f707453/password 405 70 - 13.636 ms","timestamp":"2024-08-24T17:49:11.992Z"}
{"level":"http","message":"PUT /api/users/password 400 54 - 17.752 ms","timestamp":"2024-08-24T17:49:53.682Z"}
{"level":"http","message":"PUT /api/users/password 400 54 - 26.414 ms","timestamp":"2024-08-24T17:50:22.203Z"}
{"level":"http","message":"PUT /api/users/password 400 54 - 4.893 ms","timestamp":"2024-08-24T17:50:22.995Z"}
{"level":"http","message":"PUT /api/users/password 400 54 - 24.428 ms","timestamp":"2024-08-24T17:51:39.636Z"}
{"level":"http","message":"PUT /api/users/password 400 54 - 4.318 ms","timestamp":"2024-08-24T17:51:43.073Z"}
{"level":"http","message":"PUT /api/users/password 400 54 - 13.174 ms","timestamp":"2024-08-24T18:03:12.838Z"}
{"level":"http","message":"PUT /api/users/password 400 54 - 30.314 ms","timestamp":"2024-08-24T18:13:49.978Z"}
{"level":"http","message":"PUT /api/users/password 400 54 - 4.210 ms","timestamp":"2024-08-24T18:13:50.667Z"}
{"level":"http","message":"PUT /api/users/password 400 54 - 3.840 ms","timestamp":"2024-08-24T18:13:51.328Z"}
{"level":"http","message":"PUT /api/users/password 400 54 - 3.983 ms","timestamp":"2024-08-24T18:13:51.973Z"}
{"level":"http","message":"PUT /api/users/password 400 54 - 29.699 ms","timestamp":"2024-08-24T18:19:27.318Z"}
{"level":"http","message":"PUT /api/users/password 400 54 - 29.702 ms","timestamp":"2024-08-24T18:21:24.713Z"}
{"level":"http","message":"PUT /api/users/password 400 54 - 4.365 ms","timestamp":"2024-08-24T18:21:25.481Z"}
{"level":"http","message":"POST /api/auth/login 401 55 - 73.210 ms","timestamp":"2024-08-24T18:21:30.082Z"}
{"level":"http","message":"POST /api/auth/login 200 424 - 66.482 ms","timestamp":"2024-08-24T18:21:38.646Z"}
{"level":"http","message":"PUT /api/users/password 400 54 - 5.471 ms","timestamp":"2024-08-24T18:21:43.141Z"}
{"level":"http","message":"PUT /api/users/password 400 54 - 3.433 ms","timestamp":"2024-08-24T18:21:44.557Z"}
{"level":"http","message":"PUT /api/users/password 400 54 - 18.898 ms","timestamp":"2024-08-24T18:30:59.056Z"}
{"level":"http","message":"PUT /api/users/password 400 54 - 25.327 ms","timestamp":"2024-08-24T18:31:52.724Z"}
{"level":"http","message":"PUT /api/users/password 400 54 - 4.362 ms","timestamp":"2024-08-24T18:31:53.442Z"}
{"level":"http","message":"PUT /api/users/password 400 54 - 22.210 ms","timestamp":"2024-08-24T18:32:18.437Z"}
{"level":"http","message":"PUT /api/users/password 400 54 - 4.258 ms","timestamp":"2024-08-24T18:32:19.317Z"}
{"level":"http","message":"PUT /api/users/password 400 54 - 23.738 ms","timestamp":"2024-08-24T18:32:32.987Z"}
{"level":"http","message":"PUT /api/users/password 400 54 - 4.687 ms","timestamp":"2024-08-24T18:32:33.727Z"}
{"level":"http","message":"PUT /api/users/password 400 54 - 3.558 ms","timestamp":"2024-08-24T18:32:34.426Z"}
{"level":"http","message":"PUT /api/users/password 400 54 - 22.228 ms","timestamp":"2024-08-24T18:35:30.354Z"}
{"level":"http","message":"PUT /api/users/password 400 54 - 4.671 ms","timestamp":"2024-08-24T18:35:31.069Z"}
{"level":"http","message":"PUT /api/users/password 400 54 - 3.728 ms","timestamp":"2024-08-24T18:35:32.010Z"}
{"level":"http","message":"PUT /api/users/f14356df-dda9-4790-a229-3af97f707453/password 400 60 - 95.933 ms","timestamp":"2024-08-24T18:35:53.596Z"}
{"level":"http","message":"PUT /api/users/f14356df-dda9-4790-a229-3af97f707453/password 200 43 - 148.220 ms","timestamp":"2024-08-24T18:35:57.962Z"}
{"level":"http","message":"PUT /api/users/f14356df-dda9-4790-a229-3af97f707453/password 403 63 - 30.913 ms","timestamp":"2024-08-24T18:41:14.351Z"}
{"level":"http","message":"PUT /api/users/f14356df-dda9-4790-a229-3af97f707453/password 403 63 - 29.625 ms","timestamp":"2024-08-24T18:43:37.446Z"}
{"level":"http","message":"PUT /api/users/f14356df-dda9-4790-a229-3af97f707453/password 403 63 - 5.723 ms","timestamp":"2024-08-24T18:43:38.257Z"}
{"level":"http","message":"POST /api/auth/login 401 55 - 75.817 ms","timestamp":"2024-08-24T18:44:16.878Z"}
{"level":"http","message":"POST /api/auth/login 200 424 - 66.224 ms","timestamp":"2024-08-24T18:44:21.554Z"}
{"level":"http","message":"PUT /api/users/b2d23bac-6d83-4938-8825-36726422a783password 400 54 - 9.313 ms","timestamp":"2024-08-24T18:44:40.899Z"}
{"level":"http","message":"PUT /api/users/b2d23bac-6d83-4938-8825-36726422a783/password 400 60 - 70.306 ms","timestamp":"2024-08-24T18:44:54.758Z"}
{"level":"http","message":"PUT /api/users/b2d23bac-6d83-4938-8825-36726422a783/password 200 43 - 141.630 ms","timestamp":"2024-08-24T18:45:23.308Z"}
{"level":"http","message":"PUT /api/users/b2d23bac-6d83-4938-8825-36726422a783/password 400 60 - 100.072 ms","timestamp":"2024-08-24T18:51:46.861Z"}
{"level":"http","message":"PUT /api/users/b2d23bac-6d83-4938-8825-36726422a783/password 400 86 - 125.631 ms","timestamp":"2024-08-24T18:51:53.421Z"}
{"level":"http","message":"PUT /api/users/b2d23bac-6d83-4938-8825-36726422a783/password 200 43 - 239.901 ms","timestamp":"2024-08-24T18:52:07.882Z"}
{"level":"http","message":"GET /api/users/b375007e-d197-49c1-9b09-d13b306a7a21/reviews 500 483 - 23.102 ms","timestamp":"2024-08-24T19:17:53.494Z"}
{"level":"http","message":"GET /api/users/b375007e-d197-49c1-9b09-d13b306a7a21/reviews 500 483 - 4.784 ms","timestamp":"2024-08-24T19:18:02.622Z"}
{"level":"http","message":"GET /api/users/b375007e-d197-49c1-9b09-d13b306a7a21/reviews 500 483 - 38.050 ms","timestamp":"2024-08-24T19:55:39.179Z"}
{"level":"http","message":"GET /api/users/b375007e-d197-49c1-9b09-d13b306a7a21/reviews 404 39 - 17.057 ms","timestamp":"2024-08-24T19:56:37.080Z"}
{"level":"http","message":"GET /api/users/b375007e-d197-49c1-9b09-d13b306a7a21/reviews 404 39 - 5.358 ms","timestamp":"2024-08-24T19:56:37.742Z"}
{"level":"http","message":"GET /api/users/b375007e-d197-49c1-9b09-d13b306a7a21/reviews 403 63 - 16.703 ms","timestamp":"2024-08-24T19:57:33.934Z"}
{"level":"http","message":"GET /api/users/b375007e-d197-49c1-9b09-d13b306a7a21/reviews 403 63 - 5.518 ms","timestamp":"2024-08-24T19:57:34.681Z"}
{"level":"http","message":"GET /api/users/b375007e-d197-49c1-9b09-d13b306a7a21/reviews 403 74 - 27.926 ms","timestamp":"2024-08-24T19:58:21.362Z"}
{"level":"http","message":"GET /api/users/a4d1e6d2-5ab5-4686-86f8-9b5972c5bb43 403 55 - 6.520 ms","timestamp":"2024-08-24T19:58:37.106Z"}
{"level":"http","message":"POST /api/auth/login 200 424 - 86.475 ms","timestamp":"2024-08-24T19:58:43.636Z"}
{"level":"http","message":"POST /api/auth/login 200 426 - 65.476 ms","timestamp":"2024-08-24T19:58:53.995Z"}
{"level":"http","message":"GET /api/users/1bfb2919-8503-4b24-ac6d-08389e729232 200 219 - 5.226 ms","timestamp":"2024-08-24T19:59:02.131Z"}
{"level":"http","message":"GET /api/users/1bfb2919-8503-4b24-ac6d-08389e729232/reviews 200 288 - 34.189 ms","timestamp":"2024-08-24T19:59:16.488Z"}
{"level":"http","message":"GET /api/users/b2d23bac-6d83-4938-8825-36726422a783/reviews 200 550 - 32.691 ms","timestamp":"2024-08-24T20:00:08.348Z"}
{"level":"http","message":"DELETE /api/reviews/50c6e1ad-e52a-4811-afe0-3bfa00bd9d6c 403 66 - 42.189 ms","timestamp":"2024-08-24T21:58:52.351Z"}
{"level":"http","message":"POST /api/auth/login 200 426 - 168.815 ms","timestamp":"2024-08-24T21:58:56.154Z"}
{"level":"http","message":"DELETE /api/reviews/50c6e1ad-e52a-4811-afe0-3bfa00bd9d6c 403 66 - 9.842 ms","timestamp":"2024-08-24T21:59:01.111Z"}
{"level":"http","message":"DELETE /api/reviews/50c6e1ad-e52a-4811-afe0-3bfa00bd9d6c 403 66 - 13.074 ms","timestamp":"2024-08-24T21:59:02.399Z"}
{"level":"http","message":"POST /api/auth/login 200 426 - 106.729 ms","timestamp":"2024-08-24T21:59:36.177Z"}
{"level":"http","message":"DELETE /api/reviews/50c6e1ad-e52a-4811-afe0-3bfa00bd9d6c 403 66 - 8.658 ms","timestamp":"2024-08-24T21:59:38.770Z"}
{"level":"http","message":"DELETE /api/reviews/50c6e1ad-e52a-4811-afe0-3bfa00bd9d6c 403 66 - 38.795 ms","timestamp":"2024-08-24T22:01:08.115Z"}
{"level":"http","message":"POST /api/auth/login 200 424 - 191.415 ms","timestamp":"2024-08-24T22:02:13.788Z"}
{"level":"http","message":"DELETE /api/reviews/50c6e1ad-e52a-4811-afe0-3bfa00bd9d6c 403 66 - 16.479 ms","timestamp":"2024-08-24T22:02:16.839Z"}
{"level":"http","message":"POST /api/auth/login 200 426 - 118.077 ms","timestamp":"2024-08-24T22:02:21.233Z"}
{"level":"http","message":"DELETE /api/reviews/50c6e1ad-e52a-4811-afe0-3bfa00bd9d6c 200 23 - 25.883 ms","timestamp":"2024-08-24T22:02:23.485Z"}
{"level":"http","message":"PUT /api/reviews/0067c69c-f0fc-4c3e-9df3-efad9c796cf2 200 253 - 53.963 ms","timestamp":"2024-08-24T22:03:10.462Z"}
{"level":"http","message":"PUT /api/reviews/0067c69c-f0fc-4c3e-9df3-efad9c796cf2 200 248 - 22.277 ms","timestamp":"2024-08-24T22:03:17.762Z"}
{"level":"http","message":"PUT /api/reviews/0067c69c-f0fc-4c3e-9df3-efad9c796cf2 200 250 - 16.405 ms","timestamp":"2024-08-24T22:03:25.249Z"}
{"level":"http","message":"PUT /api/reviews/0067c69c-f0fc-4c3e-9df3-efad9c796cf2 200 250 - 55.921 ms","timestamp":"2024-08-24T22:04:04.207Z"}
{"level":"http","message":"PUT /api/reviews/0067c69c-f0fc-4c3e-9df3-efad9c796cf2 403 66 - 52.377 ms","timestamp":"2024-08-24T22:04:45.644Z"}
{"level":"http","message":"PUT /api/reviews/0067c69c-f0fc-4c3e-9df3-efad9c796cf2 200 250 - 52.308 ms","timestamp":"2024-08-24T22:05:13.758Z"}
{"level":"http","message":"POST /api/auth/login 200 424 - 177.259 ms","timestamp":"2024-08-24T22:05:43.444Z"}
{"level":"http","message":"PUT /api/reviews/0067c69c-f0fc-4c3e-9df3-efad9c796cf2 200 250 - 25.243 ms","timestamp":"2024-08-24T22:05:46.704Z"}
{"level":"http","message":"PUT /api/reviews/0067c69c-f0fc-4c3e-9df3-efad9c796cf2 200 250 - 15.214 ms","timestamp":"2024-08-24T22:05:51.945Z"}
{"level":"http","message":"POST /api/auth/login 200 424 - 128.253 ms","timestamp":"2024-08-24T22:08:11.175Z"}
{"level":"http","message":"PUT /api/reviews/0067c69c-f0fc-4c3e-9df3-efad9c796cf2 403 66 - 13.858 ms","timestamp":"2024-08-24T22:08:13.261Z"}
